[debug] [2025-09-15T10:49:19.519Z] ----------------------------------------------------------------------
[debug] [2025-09-15T10:49:19.533Z] Command:       C:\Program Files\nodejs\node.exe C:\Users\mdrivenes\AppData\Roaming\npm\node_modules\firebase-tools\lib\bin\firebase.js init
[debug] [2025-09-15T10:49:19.534Z] CLI Version:   14.16.0
[debug] [2025-09-15T10:49:19.534Z] Platform:      win32
[debug] [2025-09-15T10:49:19.534Z] Node Version:  v22.16.0
[debug] [2025-09-15T10:49:19.535Z] Time:          Mon Sep 15 2025 12:49:19 GMT+0200 (Central European Summer Time)
[debug] [2025-09-15T10:49:19.535Z] ----------------------------------------------------------------------
[debug] 
[debug] [2025-09-15T10:49:19.539Z] >>> [apiv2][query] GET https://firebase-public.firebaseio.com/cli.json [none]
[debug] [2025-09-15T10:49:19.674Z] > command requires scopes: ["email","openid","https://www.googleapis.com/auth/cloudplatformprojects.readonly","https://www.googleapis.com/auth/firebase","https://www.googleapis.com/auth/cloud-platform"]
[debug] [2025-09-15T10:49:19.675Z] > authorizing via signed-in user (meekaldrivenes@gmail.com)
[info] 
     ######## #### ########  ######## ########     ###     ######  ########
     ##        ##  ##     ## ##       ##     ##  ##   ##  ##       ##
     ######    ##  ########  ######   ########  #########  ######  ######
     ##        ##  ##    ##  ##       ##     ## ##     ##       ## ##
     ##       #### ##     ## ######## ########  ##     ##  ######  ########

You're about to initialize a Firebase project in this directory:

  C:\Users\mdrivenes\source\repos\PP\pingpong

[debug] [2025-09-15T10:49:20.066Z] *** [apiv2] error from fetch(https://firebase-public.firebaseio.com/cli.json, {"headers":{},"method":"GET"}): FetchError: request to https://firebase-public.firebaseio.com/cli.json failed, reason: self-signed certificate in certificate chain
[warn] !  Unable to fetch the CLI MOTD and remote config. This is not a fatal error, but may indicate an issue with your network connection. 
[debug] [2025-09-15T10:49:20.066Z] Failed to fetch MOTD FirebaseError: Failed to make request to https://firebase-public.firebaseio.com/cli.json
[debug] [2025-09-15T10:49:44.789Z] ExitPromptError: User force closed the prompt with SIGINT
    at Interface.sigint (C:\Users\mdrivenes\AppData\Roaming\npm\node_modules\firebase-tools\node_modules\@inquirer\core\dist\commonjs\lib\create-prompt.js:101:37)
    at Interface.emit (node:events:518:28)
    at Interface.emit (node:domain:489:12)
    at [_ttyWrite] [as _ttyWrite] (node:internal/readline/interface:1128:18)
    at ReadStream.onkeypress (node:internal/readline/interface:267:20)
    at ReadStream.emit (node:events:530:35)
    at ReadStream.emit (node:domain:489:12)
    at emitKeys (node:internal/readline/utils:370:14)
    at emitKeys.next (<anonymous>)
    at ReadStream.onData (node:internal/readline/emitKeypressEvents:64:36)
[error] 
[error] Error: An unexpected error has occurred.
